This is pdfTeX, Version 3.1415926-2.5-1.40.14 (TeX Live 2013/Debian) (format=pdflatex 2015.1.21)  26 JAN 2015 16:29
entering extended mode
 restricted \write18 enabled.
 %&-line parsing enabled.
**HR_fisica_vic.tex
(./HR_fisica_vic.tex
LaTeX2e <2011/06/27>
Babel <3.9h> and hyphenation patterns for 78 languages loaded.

! LaTeX Error: Missing \begin{document}.

See the LaTeX manual or LaTeX Companion for explanation.
Type  H <return>  for immediate help.
 ...                                              
                                                  
l.2 \noindent
              \ref{vic-1} C\\
You're in trouble here.  Try typing  <return>  to proceed.
If that doesn't work, type  X <return>  to quit.

! Undefined control sequence.
<write> ...ng: Reference `vic-1' on page \thepage 
                                                  \space undefined\on@line .
l.2 \noindent \ref{vic-1}
                          C\\
The control sequence at the end of the top line
of your error message was never \def'ed. If you have
misspelled it (e.g., `\hobx'), type `I' and the correct
spelling (e.g., `I\hbox'). Otherwise just continue,
and I'll forget about whatever was undefined.


LaTeX Warning: Reference `vic-1' on page  undefined on input line 2.

Missing character: There is no C in font nullfont!
! Undefined control sequence.
<write> ...ng: Reference `vic-2' on page \thepage 
                                                  \space undefined\on@line .
l.3 \ref{vic-2}
                A\\
The control sequence at the end of the top line
of your error message was never \def'ed. If you have
misspelled it (e.g., `\hobx'), type `I' and the correct
spelling (e.g., `I\hbox'). Otherwise just continue,
and I'll forget about whatever was undefined.


LaTeX Warning: Reference `vic-2' on page  undefined on input line 3.

Missing character: There is no A in font nullfont!
! Undefined control sequence.
<write> ...ng: Reference `vic-3' on page \thepage 
                                                  \space undefined\on@line .
l.4 \ref{vic-3}
                A\\
The control sequence at the end of the top line
of your error message was never \def'ed. If you have
misspelled it (e.g., `\hobx'), type `I' and the correct
spelling (e.g., `I\hbox'). Otherwise just continue,
and I'll forget about whatever was undefined.


LaTeX Warning: Reference `vic-3' on page  undefined on input line 4.

Missing character: There is no A in font nullfont!
! Undefined control sequence.
<write> ...ng: Reference `vic-4' on page \thepage 
                                                  \space undefined\on@line .
l.5 \ref{vic-4}
                A\\
The control sequence at the end of the top line
of your error message was never \def'ed. If you have
misspelled it (e.g., `\hobx'), type `I' and the correct
spelling (e.g., `I\hbox'). Otherwise just continue,
and I'll forget about whatever was undefined.


LaTeX Warning: Reference `vic-4' on page  undefined on input line 5.

Missing character: There is no A in font nullfont!
! Undefined control sequence.
<write> ...ng: Reference `vic-5' on page \thepage 
                                                  \space undefined\on@line .
l.6 \ref{vic-5}
                30.8 segundos\\
The control sequence at the end of the top line
of your error message was never \def'ed. If you have
misspelled it (e.g., `\hobx'), type `I' and the correct
spelling (e.g., `I\hbox'). Otherwise just continue,
and I'll forget about whatever was undefined.


LaTeX Warning: Reference `vic-5' on page  undefined on input line 6.

Missing character: There is no 3 in font nullfont!
Missing character: There is no 0 in font nullfont!
Missing character: There is no . in font nullfont!
Missing character: There is no 8 in font nullfont!
Missing character: There is no s in font nullfont!
Missing character: There is no e in font nullfont!
Missing character: There is no g in font nullfont!
Missing character: There is no u in font nullfont!
Missing character: There is no n in font nullfont!
Missing character: There is no d in font nullfont!
Missing character: There is no o in font nullfont!
Missing character: There is no s in font nullfont!
! Undefined control sequence.
<write> ...ng: Reference `vic-6' on page \thepage 
                                                  \space undefined\on@line .
l.7 \ref{vic-6}
                El Empire State\\
The control sequence at the end of the top line
of your error message was never \def'ed. If you have
misspelled it (e.g., `\hobx'), type `I' and the correct
spelling (e.g., `I\hbox'). Otherwise just continue,
and I'll forget about whatever was undefined.


LaTeX Warning: Reference `vic-6' on page  undefined on input line 7.

Missing character: There is no E in font nullfont!
Missing character: There is no l in font nullfont!
Missing character: There is no E in font nullfont!
Missing character: There is no m in font nullfont!
Missing character: There is no p in font nullfont!
Missing character: There is no i in font nullfont!
Missing character: There is no r in font nullfont!
Missing character: There is no e in font nullfont!
Missing character: There is no S in font nullfont!
Missing character: There is no t in font nullfont!
Missing character: There is no a in font nullfont!
Missing character: There is no t in font nullfont!
Missing character: There is no e in font nullfont!
! Undefined control sequence.
<write> ...ng: Reference `vic-7' on page \thepage 
                                                  \space undefined\on@line .
l.8 \ref{vic-7}
                A\\
The control sequence at the end of the top line
of your error message was never \def'ed. If you have
misspelled it (e.g., `\hobx'), type `I' and the correct
spelling (e.g., `I\hbox'). Otherwise just continue,
and I'll forget about whatever was undefined.


LaTeX Warning: Reference `vic-7' on page  undefined on input line 8.

Missing character: There is no A in font nullfont!
! Undefined control sequence.
<write> ...ng: Reference `vic-8' on page \thepage 
                                                  \space undefined\on@line .
l.9 \ref{vic-8}
                B\\
The control sequence at the end of the top line
of your error message was never \def'ed. If you have
misspelled it (e.g., `\hobx'), type `I' and the correct
spelling (e.g., `I\hbox'). Otherwise just continue,
and I'll forget about whatever was undefined.


LaTeX Warning: Reference `vic-8' on page  undefined on input line 9.

Missing character: There is no B in font nullfont!
! Undefined control sequence.
<write> ...ng: Reference `vic-9' on page \thepage 
                                                  \space undefined\on@line .
l.10 \ref{vic-9}
                 47.5\%\\
The control sequence at the end of the top line
of your error message was never \def'ed. If you have
misspelled it (e.g., `\hobx'), type `I' and the correct
spelling (e.g., `I\hbox'). Otherwise just continue,
and I'll forget about whatever was undefined.


LaTeX Warning: Reference `vic-9' on page  undefined on input line 10.

Missing character: There is no 4 in font nullfont!
Missing character: There is no 7 in font nullfont!
Missing character: There is no . in font nullfont!
Missing character: There is no 5 in font nullfont!
Missing character: There is no % in font nullfont!
! Undefined control sequence.
<write> ...g: Reference `vic-10' on page \thepage 
                                                  \space undefined\on@line .
l.11 \ref{vic-10}
                  30 metros.\\
The control sequence at the end of the top line
of your error message was never \def'ed. If you have
misspelled it (e.g., `\hobx'), type `I' and the correct
spelling (e.g., `I\hbox'). Otherwise just continue,
and I'll forget about whatever was undefined.


LaTeX Warning: Reference `vic-10' on page  undefined on input line 11.

Missing character: There is no 3 in font nullfont!
Missing character: There is no 0 in font nullfont!
Missing character: There is no m in font nullfont!
Missing character: There is no e in font nullfont!
Missing character: There is no t in font nullfont!
Missing character: There is no r in font nullfont!
Missing character: There is no o in font nullfont!
Missing character: There is no s in font nullfont!
Missing character: There is no . in font nullfont!
! Undefined control sequence.
<write> ...g: Reference `vic-11' on page \thepage 
                                                  \space undefined\on@line .
l.12 \ref{vic-11}
                  B\\
The control sequence at the end of the top line
of your error message was never \def'ed. If you have
misspelled it (e.g., `\hobx'), type `I' and the correct
spelling (e.g., `I\hbox'). Otherwise just continue,
and I'll forget about whatever was undefined.


LaTeX Warning: Reference `vic-11' on page  undefined on input line 12.

Missing character: There is no B in font nullfont!
! Undefined control sequence.
<write> ...g: Reference `vic-12' on page \thepage 
                                                  \space undefined\on@line .
l.13 \ref{vic-12}
                  D\\
The control sequence at the end of the top line
of your error message was never \def'ed. If you have
misspelled it (e.g., `\hobx'), type `I' and the correct
spelling (e.g., `I\hbox'). Otherwise just continue,
and I'll forget about whatever was undefined.


LaTeX Warning: Reference `vic-12' on page  undefined on input line 13.

Missing character: There is no D in font nullfont!
! Undefined control sequence.
<write> ...g: Reference `vic-13' on page \thepage 
                                                  \space undefined\on@line .
l.14 \ref{vic-13}
                  D\\
The control sequence at the end of the top line
of your error message was never \def'ed. If you have
misspelled it (e.g., `\hobx'), type `I' and the correct
spelling (e.g., `I\hbox'). Otherwise just continue,
and I'll forget about whatever was undefined.


LaTeX Warning: Reference `vic-13' on page  undefined on input line 14.

Missing character: There is no D in font nullfont!
! Undefined control sequence.
<write> ...g: Reference `vic-14' on page \thepage 
                                                  \space undefined\on@line .
l.15 \ref{vic-14}
                  B\\
The control sequence at the end of the top line
of your error message was never \def'ed. If you have
misspelled it (e.g., `\hobx'), type `I' and the correct
spelling (e.g., `I\hbox'). Otherwise just continue,
and I'll forget about whatever was undefined.


LaTeX Warning: Reference `vic-14' on page  undefined on input line 15.

Missing character: There is no B in font nullfont!
! Undefined control sequence.
<write> ...g: Reference `vic-15' on page \thepage 
                                                  \space undefined\on@line .
l.16 \ref{vic-15}
                  B\\
The control sequence at the end of the top line
of your error message was never \def'ed. If you have
misspelled it (e.g., `\hobx'), type `I' and the correct
spelling (e.g., `I\hbox'). Otherwise just continue,
and I'll forget about whatever was undefined.


LaTeX Warning: Reference `vic-15' on page  undefined on input line 16.

Missing character: There is no B in font nullfont!
! Undefined control sequence.
<write> ...g: Reference `vic-16' on page \thepage 
                                                  \space undefined\on@line .
l.17 \ref{vic-16}
                  Marzo 31.\\
The control sequence at the end of the top line
of your error message was never \def'ed. If you have
misspelled it (e.g., `\hobx'), type `I' and the correct
spelling (e.g., `I\hbox'). Otherwise just continue,
and I'll forget about whatever was undefined.


LaTeX Warning: Reference `vic-16' on page  undefined on input line 17.

Missing character: There is no M in font nullfont!
Missing character: There is no a in font nullfont!
Missing character: There is no r in font nullfont!
Missing character: There is no z in font nullfont!
Missing character: There is no o in font nullfont!
Missing character: There is no 3 in font nullfont!
Missing character: There is no 1 in font nullfont!
Missing character: There is no . in font nullfont!
! Undefined control sequence.
<write> ...g: Reference `vic-17' on page \thepage 
                                                  \space undefined\on@line .
l.18 \ref{vic-17}
                  A\\
The control sequence at the end of the top line
of your error message was never \def'ed. If you have
misspelled it (e.g., `\hobx'), type `I' and the correct
spelling (e.g., `I\hbox'). Otherwise just continue,
and I'll forget about whatever was undefined.


LaTeX Warning: Reference `vic-17' on page  undefined on input line 18.

Missing character: There is no A in font nullfont!
! Undefined control sequence.
<write> ...g: Reference `vic-18' on page \thepage 
                                                  \space undefined\on@line .
l.19 \ref{vic-18}
                  C\\
The control sequence at the end of the top line
of your error message was never \def'ed. If you have
misspelled it (e.g., `\hobx'), type `I' and the correct
spelling (e.g., `I\hbox'). Otherwise just continue,
and I'll forget about whatever was undefined.


LaTeX Warning: Reference `vic-18' on page  undefined on input line 19.

Missing character: There is no C in font nullfont!
! Undefined control sequence.
<write> ...g: Reference `vic-19' on page \thepage 
                                                  \space undefined\on@line .
l.20 \ref{vic-19}
                  D\\
The control sequence at the end of the top line
of your error message was never \def'ed. If you have
misspelled it (e.g., `\hobx'), type `I' and the correct
spelling (e.g., `I\hbox'). Otherwise just continue,
and I'll forget about whatever was undefined.


LaTeX Warning: Reference `vic-19' on page  undefined on input line 20.

Missing character: There is no D in font nullfont!
! Undefined control sequence.
<write> ...g: Reference `vic-20' on page \thepage 
                                                  \space undefined\on@line .
l.21 \ref{vic-20}
                  D\\
The control sequence at the end of the top line
of your error message was never \def'ed. If you have
misspelled it (e.g., `\hobx'), type `I' and the correct
spelling (e.g., `I\hbox'). Otherwise just continue,
and I'll forget about whatever was undefined.


LaTeX Warning: Reference `vic-20' on page  undefined on input line 21.

Missing character: There is no D in font nullfont!
! Undefined control sequence.
<write> ...g: Reference `vic-21' on page \thepage 
                                                  \space undefined\on@line .
l.22 \ref{vic-21}
                  298 kilos de az\'ucar.\\
The control sequence at the end of the top line
of your error message was never \def'ed. If you have
misspelled it (e.g., `\hobx'), type `I' and the correct
spelling (e.g., `I\hbox'). Otherwise just continue,
and I'll forget about whatever was undefined.


LaTeX Warning: Reference `vic-21' on page  undefined on input line 22.

Missing character: There is no 2 in font nullfont!
Missing character: There is no 9 in font nullfont!
Missing character: There is no 8 in font nullfont!
Missing character: There is no k in font nullfont!
Missing character: There is no i in font nullfont!
Missing character: There is no l in font nullfont!
Missing character: There is no o in font nullfont!
Missing character: There is no s in font nullfont!
Missing character: There is no d in font nullfont!
Missing character: There is no e in font nullfont!
Missing character: There is no a in font nullfont!
Missing character: There is no z in font nullfont!
LaTeX Font Info:    Try loading font information for +cmr on input line 22.
LaTeX Font Info:    No file cmr.fd. on input line 22.

LaTeX Font Warning: Font shape `/cmr/m/n' undefined
(Font)              using `/cmr/m/n' instead on input line 22.

! Corrupted NFSS tables.
wrong@fontshape ...message {Corrupted NFSS tables}
                                                  error@fontshape else let f...
l.22 \ref{vic-21} 298 kilos de az\'u
                                    car.\\
This error message was generated by an \errmessage
command, so I can't give any explicit help.
Pretend that you're Hercule Poirot: Examine all clues,
and deduce the truth by order and method.


LaTeX Font Warning: Font shape `/cmr/m/n' undefined
(Font)              using `OT1/cmr/m/n' instead on input line 22.

Missing character: There is no c in font nullfont!
Missing character: There is no a in font nullfont!
Missing character: There is no r in font nullfont!
Missing character: There is no . in font nullfont!
! Undefined control sequence.
<write> ...g: Reference `vic-22' on page \thepage 
                                                  \space undefined\on@line .
l.23 \ref{vic-22}
                  D\\
The control sequence at the end of the top line
of your error message was never \def'ed. If you have
misspelled it (e.g., `\hobx'), type `I' and the correct
spelling (e.g., `I\hbox'). Otherwise just continue,
and I'll forget about whatever was undefined.


LaTeX Warning: Reference `vic-22' on page  undefined on input line 23.

Missing character: There is no D in font nullfont!
! Undefined control sequence.
<write> ...g: Reference `vic-23' on page \thepage 
                                                  \space undefined\on@line .
l.24 \ref{vic-23}
                  D\\
The control sequence at the end of the top line
of your error message was never \def'ed. If you have
misspelled it (e.g., `\hobx'), type `I' and the correct
spelling (e.g., `I\hbox'). Otherwise just continue,
and I'll forget about whatever was undefined.


LaTeX Warning: Reference `vic-23' on page  undefined on input line 24.

Missing character: There is no D in font nullfont!
! Undefined control sequence.
<write> ...g: Reference `vic-24' on page \thepage 
                                                  \space undefined\on@line .
l.25 \ref{vic-24}
                  D\\
The control sequence at the end of the top line
of your error message was never \def'ed. If you have
misspelled it (e.g., `\hobx'), type `I' and the correct
spelling (e.g., `I\hbox'). Otherwise just continue,
and I'll forget about whatever was undefined.


LaTeX Warning: Reference `vic-24' on page  undefined on input line 25.

Missing character: There is no D in font nullfont!
! Undefined control sequence.
<write> ...g: Reference `vic-25' on page \thepage 
                                                  \space undefined\on@line .
l.26 \ref{vic-25}
                  D\\
The control sequence at the end of the top line
of your error message was never \def'ed. If you have
misspelled it (e.g., `\hobx'), type `I' and the correct
spelling (e.g., `I\hbox'). Otherwise just continue,
and I'll forget about whatever was undefined.


LaTeX Warning: Reference `vic-25' on page  undefined on input line 26.

Missing character: There is no D in font nullfont!
)
! Emergency stop.
<*> HR_fisica_vic.tex
                     
*** (job aborted, no legal \end found)

 
Here is how much of TeX's memory you used:
 41 strings out of 493304
 431 string characters out of 6139871
 51880 words of memory out of 5000000
 3598 multiletter control sequences out of 15000+600000
 3948 words of font info for 15 fonts, out of 8000000 for 9000
 957 hyphenation exceptions out of 8191
 19i,2n,19p,84b,89s stack positions out of 5000i,500n,10000p,200000b,80000s
!  ==> Fatal error occurred, no output PDF file produced!
